Detecting C [-std=c99] compiler features failed to compile with the following output:
Change Dir: /home/local.isima.fr/qufaure1/shared/TP_mod/TP2/build/CMakeFiles/CMakeTmp

Run Build Command(s):/usr/bin/gmake cmTC_a3d9c/fast 
/usr/bin/gmake -f CMakeFiles/cmTC_a3d9c.dir/build.make CMakeFiles/cmTC_a3d9c.dir/build
gmake[1] : on entre dans le répertoire « /mnt/local.isima.fr/qufaure1/TP_mod/TP2/build/CMakeFiles/CMakeTmp »
Building C object CMakeFiles/cmTC_a3d9c.dir/feature_tests.c.o
/usr/lib64/ccache/cc   -std=c99 -o CMakeFiles/cmTC_a3d9c.dir/feature_tests.c.o   -c /home/local.isima.fr/qufaure1/shared/TP_mod/TP2/build/CMakeFiles/feature_tests.c
ccache: error: Failed to create directory /home/local.isima.fr/qufaure1/.ccache/f/0: No space left on device
gmake[1]: *** [CMakeFiles/cmTC_a3d9c.dir/build.make:66: CMakeFiles/cmTC_a3d9c.dir/feature_tests.c.o] Error 1
gmake[1] : on quitte le répertoire « /mnt/local.isima.fr/qufaure1/TP_mod/TP2/build/CMakeFiles/CMakeTmp »
gmake: *** [Makefile:121: cmTC_a3d9c/fast] Error 2



Determining if the CXX compiler works failed with the following output:
Change Dir: /home/local.isima.fr/qufaure1/shared/TP_mod/TP2/build/CMakeFiles/CMakeTmp

Run Build Command(s):/usr/bin/gmake cmTC_ece3e/fast 
/usr/bin/gmake -f CMakeFiles/cmTC_ece3e.dir/build.make CMakeFiles/cmTC_ece3e.dir/build
gmake[1] : on entre dans le répertoire « /mnt/local.isima.fr/qufaure1/TP_mod/TP2/build/CMakeFiles/CMakeTmp »
Building CXX object CMakeFiles/cmTC_ece3e.dir/testCXXCompiler.cxx.o
/usr/lib64/ccache/c++     -o CMakeFiles/cmTC_ece3e.dir/testCXXCompiler.cxx.o -c /home/local.isima.fr/qufaure1/shared/TP_mod/TP2/build/CMakeFiles/CMakeTmp/testCXXCompiler.cxx
ccache: error: Failed to create directory /home/local.isima.fr/qufaure1/.ccache/1/b: No space left on device
gmake[1]: *** [CMakeFiles/cmTC_ece3e.dir/build.make:66: CMakeFiles/cmTC_ece3e.dir/testCXXCompiler.cxx.o] Error 1
gmake[1] : on quitte le répertoire « /mnt/local.isima.fr/qufaure1/TP_mod/TP2/build/CMakeFiles/CMakeTmp »
gmake: *** [Makefile:121: cmTC_ece3e/fast] Error 2


Determining if the CXX compiler works failed with the following output:
Change Dir: /home/local.isima.fr/qufaure1/shared/TP_mod/TP2/build/CMakeFiles/CMakeTmp

Run Build Command(s):/usr/bin/gmake cmTC_f4e40/fast 
/usr/bin/gmake -f CMakeFiles/cmTC_f4e40.dir/build.make CMakeFiles/cmTC_f4e40.dir/build
gmake[1] : on entre dans le répertoire « /mnt/local.isima.fr/qufaure1/TP_mod/TP2/build/CMakeFiles/CMakeTmp »
Building CXX object CMakeFiles/cmTC_f4e40.dir/testCXXCompiler.cxx.o
/usr/lib64/ccache/c++     -o CMakeFiles/cmTC_f4e40.dir/testCXXCompiler.cxx.o -c /home/local.isima.fr/qufaure1/shared/TP_mod/TP2/build/CMakeFiles/CMakeTmp/testCXXCompiler.cxx
ccache: error: Failed to create directory /home/local.isima.fr/qufaure1/.ccache/1/b: No space left on device
gmake[1]: *** [CMakeFiles/cmTC_f4e40.dir/build.make:66: CMakeFiles/cmTC_f4e40.dir/testCXXCompiler.cxx.o] Error 1
gmake[1] : on quitte le répertoire « /mnt/local.isima.fr/qufaure1/TP_mod/TP2/build/CMakeFiles/CMakeTmp »
gmake: *** [Makefile:121: cmTC_f4e40/fast] Error 2


Determining if the pthread_create exist failed with the following output:
Change Dir: /home/local.isima.fr/qufaure1/shared/TP_mod/TP2/build/CMakeFiles/CMakeTmp

Run Build Command(s):/usr/bin/gmake cmTC_dbcbb/fast 
/usr/bin/gmake -f CMakeFiles/cmTC_dbcbb.dir/build.make CMakeFiles/cmTC_dbcbb.dir/build
gmake[1] : on entre dans le répertoire « /mnt/local.isima.fr/qufaure1/TP_mod/TP2/build/CMakeFiles/CMakeTmp »
Building C object CMakeFiles/cmTC_dbcbb.dir/CheckSymbolExists.c.o
/usr/lib64/ccache/cc    -o CMakeFiles/cmTC_dbcbb.dir/CheckSymbolExists.c.o   -c /home/local.isima.fr/qufaure1/shared/TP_mod/TP2/build/CMakeFiles/CMakeTmp/CheckSymbolExists.c
Linking C executable cmTC_dbcbb
/usr/bin/cmake -E cmake_link_script CMakeFiles/cmTC_dbcbb.dir/link.txt --verbose=1
/usr/lib64/ccache/cc      -rdynamic CMakeFiles/cmTC_dbcbb.dir/CheckSymbolExists.c.o  -o cmTC_dbcbb 
/usr/bin/ld: CMakeFiles/cmTC_dbcbb.dir/CheckSymbolExists.c.o: in function `main':
CheckSymbolExists.c:(.text+0x16): undefined reference to `pthread_create'
collect2: error: ld a retourné le statut de sortie 1
gmake[1]: *** [CMakeFiles/cmTC_dbcbb.dir/build.make:87: cmTC_dbcbb] Error 1
gmake[1] : on quitte le répertoire « /mnt/local.isima.fr/qufaure1/TP_mod/TP2/build/CMakeFiles/CMakeTmp »
gmake: *** [Makefile:121: cmTC_dbcbb/fast] Error 2

File /home/local.isima.fr/qufaure1/shared/TP_mod/TP2/build/CMakeFiles/CMakeTmp/CheckSymbolExists.c:
/* */
#include <pthread.h>

int main(int argc, char** argv)
{
  (void)argv;
#ifndef pthread_create
  return ((int*)(&pthread_create))[argc];
#else
  (void)argc;
  return 0;
#endif
}

Determining if the function pthread_create exists in the pthreads failed with the following output:
Change Dir: /home/local.isima.fr/qufaure1/shared/TP_mod/TP2/build/CMakeFiles/CMakeTmp

Run Build Command(s):/usr/bin/gmake cmTC_aa29e/fast 
/usr/bin/gmake -f CMakeFiles/cmTC_aa29e.dir/build.make CMakeFiles/cmTC_aa29e.dir/build
gmake[1] : on entre dans le répertoire « /mnt/local.isima.fr/qufaure1/TP_mod/TP2/build/CMakeFiles/CMakeTmp »
Building C object CMakeFiles/cmTC_aa29e.dir/CheckFunctionExists.c.o
/usr/lib64/ccache/cc   -DCHECK_FUNCTION_EXISTS=pthread_create   -o CMakeFiles/cmTC_aa29e.dir/CheckFunctionExists.c.o   -c /usr/share/cmake/Modules/CheckFunctionExists.c
Linking C executable cmTC_aa29e
/usr/bin/cmake -E cmake_link_script CMakeFiles/cmTC_aa29e.dir/link.txt --verbose=1
/usr/lib64/ccache/cc  -DCHECK_FUNCTION_EXISTS=pthread_create    -rdynamic CMakeFiles/cmTC_aa29e.dir/CheckFunctionExists.c.o  -o cmTC_aa29e -lpthreads 
/usr/bin/ld : ne peut trouver -lpthreads
collect2: error: ld a retourné le statut de sortie 1
gmake[1]: *** [CMakeFiles/cmTC_aa29e.dir/build.make:87: cmTC_aa29e] Error 1
gmake[1] : on quitte le répertoire « /mnt/local.isima.fr/qufaure1/TP_mod/TP2/build/CMakeFiles/CMakeTmp »
gmake: *** [Makefile:121: cmTC_aa29e/fast] Error 2


